<?xml version="1.0" encoding="UTF-8"?>
<!-- Generated by org.testng.reporters.JUnitXMLReporter -->
<testsuite ignored="0" hostname="smitas-MacBook-Air.local" failures="0" tests="2" name="AutomateDiscovery" time="76.291" errors="0" timestamp="21 Aug 2019 05:05:31 GMT">
  <testcase classname="discoveryTest.DiscoveryHomePageTest" name="verifyDiscoveryHomePage" time="6.259"/>
  <testcase classname="discoveryTest.DiscoveryMyVideoPageTest" name="verifyVideosFromMyVideoPage" time="49.567"/>
</testsuite> <!-- AutomateDiscovery -->
